c:\users\crugg\desktop\salvataggi pog\prove_pog\pog_condiviso\pog_condiviso\x64\debug\vc143.pdb
c:\users\crugg\desktop\salvataggi pog\prove_pog\pog_condiviso\pog_condiviso\x64\debug\vc143.idb
c:\users\crugg\desktop\salvataggi pog\prove_pog\pog_condiviso\pog_condiviso\x64\debug\vector4.obj
c:\users\crugg\desktop\salvataggi pog\prove_pog\pog_condiviso\pog_condiviso\x64\debug\vector3.obj
c:\users\crugg\desktop\salvataggi pog\prove_pog\pog_condiviso\pog_condiviso\x64\debug\vector2.obj
c:\users\crugg\desktop\salvataggi pog\prove_pog\pog_condiviso\pog_condiviso\x64\debug\vbo.obj
c:\users\crugg\desktop\salvataggi pog\prove_pog\pog_condiviso\pog_condiviso\x64\debug\vao.obj
c:\users\crugg\desktop\salvataggi pog\prove_pog\pog_condiviso\pog_condiviso\x64\debug\texture.obj
c:\users\crugg\desktop\salvataggi pog\prove_pog\pog_condiviso\pog_condiviso\x64\debug\shader.obj
c:\users\crugg\desktop\salvataggi pog\prove_pog\pog_condiviso\pog_condiviso\x64\debug\matrix4.obj
c:\users\crugg\desktop\salvataggi pog\prove_pog\pog_condiviso\pog_condiviso\x64\debug\matrix3.obj
c:\users\crugg\desktop\salvataggi pog\prove_pog\pog_condiviso\pog_condiviso\x64\debug\main.obj
c:\users\crugg\desktop\salvataggi pog\prove_pog\pog_condiviso\pog_condiviso\x64\debug\ebo.obj
c:\users\crugg\desktop\salvataggi pog\prove_pog\pog_condiviso\pog_condiviso\x64\debug\camera.obj
c:\users\crugg\desktop\salvataggi pog\prove_pog\pog_condiviso\pog_condiviso\x64\debug\model.obj
c:\users\crugg\desktop\salvataggi pog\prove_pog\pog_condiviso\pog_condiviso\x64\debug\mesh.obj
c:\users\crugg\desktop\salvataggi pog\prove_pog\pog_condiviso\pog_condiviso\x64\debug\glad.obj
c:\users\crugg\desktop\salvataggi pog\prove_pog\pog_condiviso\x64\debug\pog_condiviso.exe
c:\users\crugg\desktop\salvataggi pog\prove_pog\pog_condiviso\x64\debug\pog_condiviso.pdb
c:\users\crugg\desktop\salvataggi pog\prove_pog\pog_condiviso\x64\debug\glfw3.dll
c:\users\crugg\desktop\salvataggi pog\prove_pog\pog_condiviso\pog_condiviso\x64\debug\pog_condiviso.ilk
c:\users\crugg\desktop\salvataggi pog\prove_pog\pog_condiviso\pog_condiviso\x64\debug\pog_condiviso.tlog\cl.command.1.tlog
c:\users\crugg\desktop\salvataggi pog\prove_pog\pog_condiviso\pog_condiviso\x64\debug\pog_condiviso.tlog\cl.items.tlog
c:\users\crugg\desktop\salvataggi pog\prove_pog\pog_condiviso\pog_condiviso\x64\debug\pog_condiviso.tlog\cl.read.1.tlog
c:\users\crugg\desktop\salvataggi pog\prove_pog\pog_condiviso\pog_condiviso\x64\debug\pog_condiviso.tlog\cl.write.1.tlog
c:\users\crugg\desktop\salvataggi pog\prove_pog\pog_condiviso\pog_condiviso\x64\debug\pog_condiviso.tlog\link.command.1.tlog
c:\users\crugg\desktop\salvataggi pog\prove_pog\pog_condiviso\pog_condiviso\x64\debug\pog_condiviso.tlog\link.read.1.tlog
c:\users\crugg\desktop\salvataggi pog\prove_pog\pog_condiviso\pog_condiviso\x64\debug\pog_condiviso.tlog\link.secondary.1.tlog
c:\users\crugg\desktop\salvataggi pog\prove_pog\pog_condiviso\pog_condiviso\x64\debug\pog_condiviso.tlog\link.write.1.tlog
c:\users\crugg\desktop\salvataggi pog\prove_pog\pog_condiviso\pog_condiviso\x64\debug\pog_condiviso.tlog\pog_condiviso.write.1u.tlog
